d:\mega\github\nayohan\bmp_imageprocessing\bmp_console\bmp_console\x64\debug\vc142.pdb
d:\mega\github\nayohan\bmp_imageprocessing\bmp_console\bmp_console\x64\debug\vc142.idb
d:\mega\github\nayohan\bmp_imageprocessing\bmp_console\bmp_console\x64\debug\bmp2console.obj
d:\mega\github\nayohan\bmp_imageprocessing\bmp_console\bmp_console\x64\debug\0_jpg2bmp.obj
d:\mega\github\nayohan\bmp_imageprocessing\bmp_console\bmp_console\x64\debug\main.obj
d:\mega\github\nayohan\bmp_imageprocessing\bmp_console\bmp_console\x64\debug\4_image_func.obj
d:\mega\github\nayohan\bmp_imageprocessing\bmp_console\bmp_console\x64\debug\resource.res
d:\mega\github\nayohan\bmp_imageprocessing\bmp_console\x64\debug\bmp_console.pdb
d:\mega\github\nayohan\bmp_imageprocessing\bmp_console\bmp_console\x64\debug\bmp_console.tlog\cl.command.1.tlog
d:\mega\github\nayohan\bmp_imageprocessing\bmp_console\bmp_console\x64\debug\bmp_console.tlog\cl.read.1.tlog
d:\mega\github\nayohan\bmp_imageprocessing\bmp_console\bmp_console\x64\debug\bmp_console.tlog\cl.write.1.tlog
d:\mega\github\nayohan\bmp_imageprocessing\bmp_console\bmp_console\x64\debug\bmp_console.tlog\link-cvtres.read.1.tlog
d:\mega\github\nayohan\bmp_imageprocessing\bmp_console\bmp_console\x64\debug\bmp_console.tlog\link-cvtres.write.1.tlog
d:\mega\github\nayohan\bmp_imageprocessing\bmp_console\bmp_console\x64\debug\bmp_console.tlog\link-rc.read.1.tlog
d:\mega\github\nayohan\bmp_imageprocessing\bmp_console\bmp_console\x64\debug\bmp_console.tlog\link-rc.write.1.tlog
d:\mega\github\nayohan\bmp_imageprocessing\bmp_console\bmp_console\x64\debug\bmp_console.tlog\link.6524-cvtres.read.1.tlog
d:\mega\github\nayohan\bmp_imageprocessing\bmp_console\bmp_console\x64\debug\bmp_console.tlog\link.6524-cvtres.write.1.tlog
d:\mega\github\nayohan\bmp_imageprocessing\bmp_console\bmp_console\x64\debug\bmp_console.tlog\link.6524-rc.read.1.tlog
d:\mega\github\nayohan\bmp_imageprocessing\bmp_console\bmp_console\x64\debug\bmp_console.tlog\link.6524-rc.write.1.tlog
d:\mega\github\nayohan\bmp_imageprocessing\bmp_console\bmp_console\x64\debug\bmp_console.tlog\link.6524.read.1.tlog
d:\mega\github\nayohan\bmp_imageprocessing\bmp_console\bmp_console\x64\debug\bmp_console.tlog\link.6524.write.1.tlog
d:\mega\github\nayohan\bmp_imageprocessing\bmp_console\bmp_console\x64\debug\bmp_console.tlog\link.command.1.tlog
d:\mega\github\nayohan\bmp_imageprocessing\bmp_console\bmp_console\x64\debug\bmp_console.tlog\link.read.1.tlog
d:\mega\github\nayohan\bmp_imageprocessing\bmp_console\bmp_console\x64\debug\bmp_console.tlog\link.write.1.tlog
d:\mega\github\nayohan\bmp_imageprocessing\bmp_console\bmp_console\x64\debug\bmp_console.tlog\rc.command.1.tlog
d:\mega\github\nayohan\bmp_imageprocessing\bmp_console\bmp_console\x64\debug\bmp_console.tlog\rc.read.1.tlog
d:\mega\github\nayohan\bmp_imageprocessing\bmp_console\bmp_console\x64\debug\bmp_console.tlog\rc.write.1.tlog
